

*******************************************************************************
Thu May 15 19:02:42 2014


FIT:    data read from 'dispersion.gnuplot-data' using 9:7:10:8
        format = x:y:z:s
        #datapoints = 7
function used for fitting: f(x)
fitted parameters initialized with current variable values



 Iteration 0
 WSSR        : 1.33097e+18       delta(WSSR)/WSSR   : 0
 delta(WSSR) : 0                 limit for stopping : 1e-05
 lambda	  : 2.51308e+08

initial set of free parameter values

a               = 1
b               = 1
c               = 1

The maximum lambda = 1.000000e+20 was exceeded. Fit stopped.
final sum of squares of residuals : 6.59794e-21
rel. change during last iteration : 0

degrees of freedom    (FIT_NDF)                        : 4
rms of residuals      (FIT_STDFIT) = sqrt(WSSR/ndf)    : 4.06139e-11
variance of residuals (reduced chisquare) = WSSR/ndf   : 1.64949e-21

Final set of parameters            Asymptotic Standard Error
=======================            ==========================

a               = 4.82742e-18      +/- 2.455e-19    (5.086%)
b               = -5.08705e-15     +/- 2.534e-16    (4.981%)
c               = 1.9              +/- 8.661e-14    (4.558e-12%)


correlation matrix of the fit parameters:

               a      b      c      
a               1.000 
b              -0.840  1.000 
c               0.518 -0.894  1.000 


*******************************************************************************
Thu May 15 19:02:56 2014


FIT:    data read from 'dispersion.gnuplot-data' using 9:7
        format = x:z
        #datapoints = 7
        residuals are weighted equally (unit weight)

function used for fitting: f(x)
fitted parameters initialized with current variable values



 Iteration 0
 WSSR        : 6.45148e+11       delta(WSSR)/WSSR   : 0
 delta(WSSR) : 0                 limit for stopping : 1e-05
 lambda	  : 174966

initial set of free parameter values

a               = 1
b               = 1
c               = 1

After 11 iterations the fit converged.
final sum of squares of residuals : 5.85168e-06
rel. change during last iteration : -1.18985e-13

degrees of freedom    (FIT_NDF)                        : 4
rms of residuals      (FIT_STDFIT) = sqrt(WSSR/ndf)    : 0.00120951
variance of residuals (reduced chisquare) = WSSR/ndf   : 1.46292e-06

Final set of parameters            Asymptotic Standard Error
=======================            ==========================

a               = 6.53868e-07      +/- 1.043e-07    (15.94%)
b               = -0.00084572      +/- 0.0001097    (12.97%)
c               = 1.89338          +/- 0.02832      (1.496%)


correlation matrix of the fit parameters:

               a      b      c      
a               1.000 
b              -0.999  1.000 
c               0.993 -0.998  1.000 


*******************************************************************************
Thu May 15 19:03:40 2014


FIT:    data read from 'dispersion.gnuplot-data' using 9:7
        format = x:z
        #datapoints = 7
        residuals are weighted equally (unit weight)

function used for fitting: f(x)
fitted parameters initialized with current variable values



 Iteration 0
 WSSR        : 6.45148e+11       delta(WSSR)/WSSR   : 0
 delta(WSSR) : 0                 limit for stopping : 1e-05
 lambda	  : 174966

initial set of free parameter values

a               = 1
b               = 1
c               = 1

After 11 iterations the fit converged.
final sum of squares of residuals : 5.85168e-06
rel. change during last iteration : -1.18985e-13

degrees of freedom    (FIT_NDF)                        : 4
rms of residuals      (FIT_STDFIT) = sqrt(WSSR/ndf)    : 0.00120951
variance of residuals (reduced chisquare) = WSSR/ndf   : 1.46292e-06

Final set of parameters            Asymptotic Standard Error
=======================            ==========================

a               = 6.53868e-07      +/- 1.043e-07    (15.94%)
b               = -0.00084572      +/- 0.0001097    (12.97%)
c               = 1.89338          +/- 0.02832      (1.496%)


correlation matrix of the fit parameters:

               a      b      c      
a               1.000 
b              -0.999  1.000 
c               0.993 -0.998  1.000 


*******************************************************************************
Thu May 15 19:05:13 2014


FIT:    data read from 'dispersion.gnuplot-data' using 9:7
        format = x:z
        #datapoints = 7
        residuals are weighted equally (unit weight)

function used for fitting: f(x)
fitted parameters initialized with current variable values



 Iteration 0
 WSSR        : 6.45148e+11       delta(WSSR)/WSSR   : 0
 delta(WSSR) : 0                 limit for stopping : 1e-05
 lambda	  : 174966

initial set of free parameter values

a               = 1
b               = 1
c               = 1

After 11 iterations the fit converged.
final sum of squares of residuals : 5.85168e-06
rel. change during last iteration : -1.18985e-13

degrees of freedom    (FIT_NDF)                        : 4
rms of residuals      (FIT_STDFIT) = sqrt(WSSR/ndf)    : 0.00120951
variance of residuals (reduced chisquare) = WSSR/ndf   : 1.46292e-06

Final set of parameters            Asymptotic Standard Error
=======================            ==========================

a               = 6.53868e-07      +/- 1.043e-07    (15.94%)
b               = -0.00084572      +/- 0.0001097    (12.97%)
c               = 1.89338          +/- 0.02832      (1.496%)


correlation matrix of the fit parameters:

               a      b      c      
a               1.000 
b              -0.999  1.000 
c               0.993 -0.998  1.000 


*******************************************************************************
Thu May 15 19:05:27 2014


FIT:    data read from 'dispersion.gnuplot-data' using 9:7
        format = x:z
        #datapoints = 7
        residuals are weighted equally (unit weight)

function used for fitting: f(x)
fitted parameters initialized with current variable values



 Iteration 0
 WSSR        : 6.45148e+11       delta(WSSR)/WSSR   : 0
 delta(WSSR) : 0                 limit for stopping : 1e-05
 lambda	  : 174966

initial set of free parameter values

a               = 1
b               = 1
c               = 1

After 11 iterations the fit converged.
final sum of squares of residuals : 5.85168e-06
rel. change during last iteration : -1.18985e-13

degrees of freedom    (FIT_NDF)                        : 4
rms of residuals      (FIT_STDFIT) = sqrt(WSSR/ndf)    : 0.00120951
variance of residuals (reduced chisquare) = WSSR/ndf   : 1.46292e-06

Final set of parameters            Asymptotic Standard Error
=======================            ==========================

a               = 6.53868e-07      +/- 1.043e-07    (15.94%)
b               = -0.00084572      +/- 0.0001097    (12.97%)
c               = 1.89338          +/- 0.02832      (1.496%)


correlation matrix of the fit parameters:

               a      b      c      
a               1.000 
b              -0.999  1.000 
c               0.993 -0.998  1.000 


*******************************************************************************
Thu May 15 19:05:46 2014


FIT:    data read from 'dispersion.gnuplot-data' using 9:7
        format = x:z
        #datapoints = 7
        residuals are weighted equally (unit weight)

function used for fitting: f(x)
fitted parameters initialized with current variable values



 Iteration 0
 WSSR        : 6.45148e+11       delta(WSSR)/WSSR   : 0
 delta(WSSR) : 0                 limit for stopping : 1e-05
 lambda	  : 174966

initial set of free parameter values

a               = 1
b               = 1
c               = 1

After 11 iterations the fit converged.
final sum of squares of residuals : 5.85168e-06
rel. change during last iteration : -1.18985e-13

degrees of freedom    (FIT_NDF)                        : 4
rms of residuals      (FIT_STDFIT) = sqrt(WSSR/ndf)    : 0.00120951
variance of residuals (reduced chisquare) = WSSR/ndf   : 1.46292e-06

Final set of parameters            Asymptotic Standard Error
=======================            ==========================

a               = 6.53868e-07      +/- 1.043e-07    (15.94%)
b               = -0.00084572      +/- 0.0001097    (12.97%)
c               = 1.89338          +/- 0.02832      (1.496%)


correlation matrix of the fit parameters:

               a      b      c      
a               1.000 
b              -0.999  1.000 
c               0.993 -0.998  1.000 


*******************************************************************************
Thu May 15 19:09:23 2014


FIT:    data read from 'dispersion.gnuplot-data' using 9:7
        format = x:z
        #datapoints = 7
        residuals are weighted equally (unit weight)

function used for fitting: f(x)
fitted parameters initialized with current variable values



 Iteration 0
 WSSR        : 6.45148e+11       delta(WSSR)/WSSR   : 0
 delta(WSSR) : 0                 limit for stopping : 1e-05
 lambda	  : 174966

initial set of free parameter values

a               = 1
b               = 1
c               = 1

After 11 iterations the fit converged.
final sum of squares of residuals : 5.85168e-06
rel. change during last iteration : -1.18985e-13

degrees of freedom    (FIT_NDF)                        : 4
rms of residuals      (FIT_STDFIT) = sqrt(WSSR/ndf)    : 0.00120951
variance of residuals (reduced chisquare) = WSSR/ndf   : 1.46292e-06

Final set of parameters            Asymptotic Standard Error
=======================            ==========================

a               = 6.53868e-07      +/- 1.043e-07    (15.94%)
b               = -0.00084572      +/- 0.0001097    (12.97%)
c               = 1.89338          +/- 0.02832      (1.496%)


correlation matrix of the fit parameters:

               a      b      c      
a               1.000 
b              -0.999  1.000 
c               0.993 -0.998  1.000 


*******************************************************************************
Thu May 15 19:09:41 2014


FIT:    data read from 'dispersion.gnuplot-data' using 9:7
        format = x:z
        #datapoints = 7
        residuals are weighted equally (unit weight)

function used for fitting: f(x)
fitted parameters initialized with current variable values



 Iteration 0
 WSSR        : 6.45148e+11       delta(WSSR)/WSSR   : 0
 delta(WSSR) : 0                 limit for stopping : 1e-05
 lambda	  : 174966

initial set of free parameter values

a               = 1
b               = 1
c               = 1

After 11 iterations the fit converged.
final sum of squares of residuals : 5.85168e-06
rel. change during last iteration : -1.18985e-13

degrees of freedom    (FIT_NDF)                        : 4
rms of residuals      (FIT_STDFIT) = sqrt(WSSR/ndf)    : 0.00120951
variance of residuals (reduced chisquare) = WSSR/ndf   : 1.46292e-06

Final set of parameters            Asymptotic Standard Error
=======================            ==========================

a               = 6.53868e-07      +/- 1.043e-07    (15.94%)
b               = -0.00084572      +/- 0.0001097    (12.97%)
c               = 1.89338          +/- 0.02832      (1.496%)


correlation matrix of the fit parameters:

               a      b      c      
a               1.000 
b              -0.999  1.000 
c               0.993 -0.998  1.000 


*******************************************************************************
Thu May 15 19:10:46 2014


FIT:    data read from 'dispersion.gnuplot-data' using 9:7
        format = x:z
        #datapoints = 7
        residuals are weighted equally (unit weight)

function used for fitting: f(x)
fitted parameters initialized with current variable values



 Iteration 0
 WSSR        : 6.45148e+11       delta(WSSR)/WSSR   : 0
 delta(WSSR) : 0                 limit for stopping : 1e-05
 lambda	  : 174966

initial set of free parameter values

a               = 1
b               = 1
c               = 1

After 11 iterations the fit converged.
final sum of squares of residuals : 5.85168e-06
rel. change during last iteration : -1.18985e-13

degrees of freedom    (FIT_NDF)                        : 4
rms of residuals      (FIT_STDFIT) = sqrt(WSSR/ndf)    : 0.00120951
variance of residuals (reduced chisquare) = WSSR/ndf   : 1.46292e-06

Final set of parameters            Asymptotic Standard Error
=======================            ==========================

a               = 6.53868e-07      +/- 1.043e-07    (15.94%)
b               = -0.00084572      +/- 0.0001097    (12.97%)
c               = 1.89338          +/- 0.02832      (1.496%)


correlation matrix of the fit parameters:

               a      b      c      
a               1.000 
b              -0.999  1.000 
c               0.993 -0.998  1.000 


*******************************************************************************
Thu May 15 19:11:33 2014


FIT:    data read from 'dispersion.gnuplot-data' using 9:7
        format = x:z
        #datapoints = 7
        residuals are weighted equally (unit weight)

function used for fitting: f(x)
fitted parameters initialized with current variable values



 Iteration 0
 WSSR        : 6.45148e+11       delta(WSSR)/WSSR   : 0
 delta(WSSR) : 0                 limit for stopping : 1e-05
 lambda	  : 174966

initial set of free parameter values

a               = 1
b               = 1
c               = 1

After 11 iterations the fit converged.
final sum of squares of residuals : 5.85168e-06
rel. change during last iteration : -1.18985e-13

degrees of freedom    (FIT_NDF)                        : 4
rms of residuals      (FIT_STDFIT) = sqrt(WSSR/ndf)    : 0.00120951
variance of residuals (reduced chisquare) = WSSR/ndf   : 1.46292e-06

Final set of parameters            Asymptotic Standard Error
=======================            ==========================

a               = 6.53868e-07      +/- 1.043e-07    (15.94%)
b               = -0.00084572      +/- 0.0001097    (12.97%)
c               = 1.89338          +/- 0.02832      (1.496%)


correlation matrix of the fit parameters:

               a      b      c      
a               1.000 
b              -0.999  1.000 
c               0.993 -0.998  1.000 


*******************************************************************************
Thu May 15 19:11:40 2014


FIT:    data read from 'dispersion.gnuplot-data' using 9:7
        format = x:z
        #datapoints = 7
        residuals are weighted equally (unit weight)

function used for fitting: f(x)
fitted parameters initialized with current variable values



 Iteration 0
 WSSR        : 6.45148e+11       delta(WSSR)/WSSR   : 0
 delta(WSSR) : 0                 limit for stopping : 1e-05
 lambda	  : 174966

initial set of free parameter values

a               = 1
b               = 1
c               = 1

After 11 iterations the fit converged.
final sum of squares of residuals : 5.85168e-06
rel. change during last iteration : -1.18985e-13

degrees of freedom    (FIT_NDF)                        : 4
rms of residuals      (FIT_STDFIT) = sqrt(WSSR/ndf)    : 0.00120951
variance of residuals (reduced chisquare) = WSSR/ndf   : 1.46292e-06

Final set of parameters            Asymptotic Standard Error
=======================            ==========================

a               = 6.53868e-07      +/- 1.043e-07    (15.94%)
b               = -0.00084572      +/- 0.0001097    (12.97%)
c               = 1.89338          +/- 0.02832      (1.496%)


correlation matrix of the fit parameters:

               a      b      c      
a               1.000 
b              -0.999  1.000 
c               0.993 -0.998  1.000 


*******************************************************************************
Thu May 15 19:13:09 2014


FIT:    data read from 'dispersion.gnuplot-data' using 9:7
        format = x:z
        #datapoints = 7
        residuals are weighted equally (unit weight)

function used for fitting: f(x)
fitted parameters initialized with current variable values



 Iteration 0
 WSSR        : 6.45148e+11       delta(WSSR)/WSSR   : 0
 delta(WSSR) : 0                 limit for stopping : 1e-05
 lambda	  : 174966

initial set of free parameter values

a               = 1
b               = 1
c               = 1

After 11 iterations the fit converged.
final sum of squares of residuals : 5.85168e-06
rel. change during last iteration : -1.18985e-13

degrees of freedom    (FIT_NDF)                        : 4
rms of residuals      (FIT_STDFIT) = sqrt(WSSR/ndf)    : 0.00120951
variance of residuals (reduced chisquare) = WSSR/ndf   : 1.46292e-06

Final set of parameters            Asymptotic Standard Error
=======================            ==========================

a               = 6.53868e-07      +/- 1.043e-07    (15.94%)
b               = -0.00084572      +/- 0.0001097    (12.97%)
c               = 1.89338          +/- 0.02832      (1.496%)


correlation matrix of the fit parameters:

               a      b      c      
a               1.000 
b              -0.999  1.000 
c               0.993 -0.998  1.000 
