

*******************************************************************************
Thu Jun 26 15:01:17 2014


FIT:    data read from 'isotherm.gnuplot-data' every :::3::3 	using (1/$3):($4/($3*$3)):($3*$5):($3*$5*($4/$3 + $6/$5))
        format = x:y:z:s
        #datapoints = 13
function used for fitting: f(x)


*******************************************************************************
Thu Jun 26 15:01:32 2014


FIT:    data read from 'isotherm.gnuplot-data' every :::3::3 	using (1/$3):($4/($3*$3)):($3*$5):($3*$5*($4/$3 + $6/$5))
        format = x:y:z:s
        #datapoints = 13
function used for fitting: f(x)
fitted parameters initialized with current variable values



 Iteration 0
 WSSR        : 9578.55           delta(WSSR)/WSSR   : 0
 delta(WSSR) : 0                 limit for stopping : 1e-05
 lambda	  : 1.23142

initial set of free parameter values

a               = 1
b               = 1

After 4 iterations the fit converged.
final sum of squares of residuals : 100.408
rel. change during last iteration : -1.38587e-12

degrees of freedom    (FIT_NDF)                        : 11
rms of residuals      (FIT_STDFIT) = sqrt(WSSR/ndf)    : 3.02126
variance of residuals (reduced chisquare) = WSSR/ndf   : 9.12801

Final set of parameters            Asymptotic Standard Error
=======================            ==========================

a               = -12.055          +/- 1.074        (8.907%)
b               = 46.3951          +/- 1.743        (3.757%)


correlation matrix of the fit parameters:

               a      b      
a               1.000 
b              -0.850  1.000 


*******************************************************************************
Thu Jun 26 15:02:33 2014


FIT:    data read from 'isotherm.gnuplot-data' every :::3::3 	using (1/$3):($4/($3*$3)):($3*$5):($3*$5*($4/$3 + $6/$5))
        format = x:y:z:s
        x range restricted to [0.00000 : 1.50000]
        #datapoints = 8
function used for fitting: f(x)
fitted parameters initialized with current variable values



 Iteration 0
 WSSR        : 8676.38           delta(WSSR)/WSSR   : 0
 delta(WSSR) : 0                 limit for stopping : 1e-05
 lambda	  : 0.887359

initial set of free parameter values

a               = 1
b               = 1

After 4 iterations the fit converged.
final sum of squares of residuals : 1.14572
rel. change during last iteration : -1.33177e-09

degrees of freedom    (FIT_NDF)                        : 6
rms of residuals      (FIT_STDFIT) = sqrt(WSSR/ndf)    : 0.436982
variance of residuals (reduced chisquare) = WSSR/ndf   : 0.190954

Final set of parameters            Asymptotic Standard Error
=======================            ==========================

a               = -18.2879         +/- 0.4353       (2.38%)
b               = 51.7372          +/- 0.3974       (0.7681%)


correlation matrix of the fit parameters:

               a      b      
a               1.000 
b              -0.908  1.000 


*******************************************************************************
Thu Jun 26 15:03:27 2014


FIT:    data read from 'isotherm.gnuplot-data' every :::3::3 	using (1/$3):($4/($3*$3)):($3*$5):($3*$5*($4/$3 + $6/$5))
        format = x:y:z:s
        x range restricted to [0.00000 : 1.50000]
        #datapoints = 8
function used for fitting: f(x)
fitted parameters initialized with current variable values



 Iteration 0
 WSSR        : 8676.38           delta(WSSR)/WSSR   : 0
 delta(WSSR) : 0                 limit for stopping : 1e-05
 lambda	  : 0.887359

initial set of free parameter values

a               = 1
b               = 1

After 4 iterations the fit converged.
final sum of squares of residuals : 1.14572
rel. change during last iteration : -1.33177e-09

degrees of freedom    (FIT_NDF)                        : 6
rms of residuals      (FIT_STDFIT) = sqrt(WSSR/ndf)    : 0.436982
variance of residuals (reduced chisquare) = WSSR/ndf   : 0.190954

Final set of parameters            Asymptotic Standard Error
=======================            ==========================

a               = -18.2879         +/- 0.4353       (2.38%)
b               = 51.7372          +/- 0.3974       (0.7681%)


correlation matrix of the fit parameters:

               a      b      
a               1.000 
b              -0.908  1.000 


*******************************************************************************
Thu Jun 26 15:04:01 2014


FIT:    data read from 'isotherm.gnuplot-data' every :::3::3 	using (1/$3):($4/($3*$3)):($3*$5):($3*$5*($4/$3 + $6/$5))
        format = x:y:z:s
        x range restricted to [0.00000 : 1.50000]
        #datapoints = 8
function used for fitting: f(x)
fitted parameters initialized with current variable values



 Iteration 0
 WSSR        : 8676.38           delta(WSSR)/WSSR   : 0
 delta(WSSR) : 0                 limit for stopping : 1e-05
 lambda	  : 0.887359

initial set of free parameter values

a               = 1
b               = 1

After 4 iterations the fit converged.
final sum of squares of residuals : 1.14572
rel. change during last iteration : -1.33177e-09

degrees of freedom    (FIT_NDF)                        : 6
rms of residuals      (FIT_STDFIT) = sqrt(WSSR/ndf)    : 0.436982
variance of residuals (reduced chisquare) = WSSR/ndf   : 0.190954

Final set of parameters            Asymptotic Standard Error
=======================            ==========================

a               = -18.2879         +/- 0.4353       (2.38%)
b               = 51.7372          +/- 0.3974       (0.7681%)


correlation matrix of the fit parameters:

               a      b      
a               1.000 
b              -0.908  1.000 


*******************************************************************************
Thu Jun 26 15:04:17 2014


FIT:    data read from 'isotherm.gnuplot-data' every :::3::3 	using (1/$3):($4/($3*$3)):($3*$5):($3*$5*($4/$3 + $6/$5))
        format = x:y:z:s
        x range restricted to [0.00000 : 1.50000]
        #datapoints = 8
function used for fitting: f(x)
fitted parameters initialized with current variable values



 Iteration 0
 WSSR        : 8676.38           delta(WSSR)/WSSR   : 0
 delta(WSSR) : 0                 limit for stopping : 1e-05
 lambda	  : 0.887359

initial set of free parameter values

a               = 1
b               = 1

After 4 iterations the fit converged.
final sum of squares of residuals : 1.14572
rel. change during last iteration : -1.33177e-09

degrees of freedom    (FIT_NDF)                        : 6
rms of residuals      (FIT_STDFIT) = sqrt(WSSR/ndf)    : 0.436982
variance of residuals (reduced chisquare) = WSSR/ndf   : 0.190954

Final set of parameters            Asymptotic Standard Error
=======================            ==========================

a               = -18.2879         +/- 0.4353       (2.38%)
b               = 51.7372          +/- 0.3974       (0.7681%)


correlation matrix of the fit parameters:

               a      b      
a               1.000 
b              -0.908  1.000 


*******************************************************************************
Thu Jun 26 15:05:48 2014


FIT:    data read from 'isotherm.gnuplot-data' every :::3::3 	using (1/$3):($4/($3*$3)):($3*$5):($3*$5*($4/$3 + $6/$5))
        format = x:y:z:s
        x range restricted to [0.00000 : 1.50000]
        #datapoints = 8
function used for fitting: f(x)
fitted parameters initialized with current variable values



 Iteration 0
 WSSR        : 8676.38           delta(WSSR)/WSSR   : 0
 delta(WSSR) : 0                 limit for stopping : 1e-05
 lambda	  : 0.887359

initial set of free parameter values

a               = 1
b               = 1

After 4 iterations the fit converged.
final sum of squares of residuals : 1.14572
rel. change during last iteration : -1.33177e-09

degrees of freedom    (FIT_NDF)                        : 6
rms of residuals      (FIT_STDFIT) = sqrt(WSSR/ndf)    : 0.436982
variance of residuals (reduced chisquare) = WSSR/ndf   : 0.190954

Final set of parameters            Asymptotic Standard Error
=======================            ==========================

a               = -18.2879         +/- 0.4353       (2.38%)
b               = 51.7372          +/- 0.3974       (0.7681%)


correlation matrix of the fit parameters:

               a      b      
a               1.000 
b              -0.908  1.000 


*******************************************************************************
Thu Jun 26 15:06:01 2014


FIT:    data read from 'isotherm.gnuplot-data' every :::3::3 	using (1/$3):($4/($3*$3)):($3*$5):($3*$5*($4/$3 + $6/$5))
        format = x:y:z:s
        x range restricted to [0.00000 : 1.50000]
        #datapoints = 8
function used for fitting: f(x)
fitted parameters initialized with current variable values



 Iteration 0
 WSSR        : 8676.38           delta(WSSR)/WSSR   : 0
 delta(WSSR) : 0                 limit for stopping : 1e-05
 lambda	  : 0.887359

initial set of free parameter values

a               = 1
b               = 1

After 4 iterations the fit converged.
final sum of squares of residuals : 1.14572
rel. change during last iteration : -1.33177e-09

degrees of freedom    (FIT_NDF)                        : 6
rms of residuals      (FIT_STDFIT) = sqrt(WSSR/ndf)    : 0.436982
variance of residuals (reduced chisquare) = WSSR/ndf   : 0.190954

Final set of parameters            Asymptotic Standard Error
=======================            ==========================

a               = -18.2879         +/- 0.4353       (2.38%)
b               = 51.7372          +/- 0.3974       (0.7681%)


correlation matrix of the fit parameters:

               a      b      
a               1.000 
b              -0.908  1.000 


*******************************************************************************
Thu Jun 26 15:06:46 2014


FIT:    data read from 'isotherm.gnuplot-data' every :::3::3 	using (1/$3):($4/($3*$3)):($3*$5):($3*$5*($4/$3 + $6/$5))
        format = x:y:z:s
        x range restricted to [0.00000 : 1.50000]
        #datapoints = 8
function used for fitting: f(x)
fitted parameters initialized with current variable values



 Iteration 0
 WSSR        : 8676.38           delta(WSSR)/WSSR   : 0
 delta(WSSR) : 0                 limit for stopping : 1e-05
 lambda	  : 0.887359

initial set of free parameter values

a               = 1
b               = 1

After 4 iterations the fit converged.
final sum of squares of residuals : 1.14572
rel. change during last iteration : -1.33177e-09

degrees of freedom    (FIT_NDF)                        : 6
rms of residuals      (FIT_STDFIT) = sqrt(WSSR/ndf)    : 0.436982
variance of residuals (reduced chisquare) = WSSR/ndf   : 0.190954

Final set of parameters            Asymptotic Standard Error
=======================            ==========================

a               = -18.2879         +/- 0.4353       (2.38%)
b               = 51.7372          +/- 0.3974       (0.7681%)


correlation matrix of the fit parameters:

               a      b      
a               1.000 
b              -0.908  1.000 


*******************************************************************************
Thu Jun 26 15:06:52 2014


FIT:    data read from 'isotherm.gnuplot-data' every :::3::3 	using (1/$3):($4/($3*$3)):($3*$5):($3*$5*($4/$3 + $6/$5))
        format = x:y:z:s
        x range restricted to [0.00000 : 1.50000]
        #datapoints = 8
function used for fitting: f(x)
fitted parameters initialized with current variable values



 Iteration 0
 WSSR        : 8676.38           delta(WSSR)/WSSR   : 0
 delta(WSSR) : 0                 limit for stopping : 1e-05
 lambda	  : 0.887359

initial set of free parameter values

a               = 1
b               = 1

After 4 iterations the fit converged.
final sum of squares of residuals : 1.14572
rel. change during last iteration : -1.33177e-09

degrees of freedom    (FIT_NDF)                        : 6
rms of residuals      (FIT_STDFIT) = sqrt(WSSR/ndf)    : 0.436982
variance of residuals (reduced chisquare) = WSSR/ndf   : 0.190954

Final set of parameters            Asymptotic Standard Error
=======================            ==========================

a               = -18.2879         +/- 0.4353       (2.38%)
b               = 51.7372          +/- 0.3974       (0.7681%)


correlation matrix of the fit parameters:

               a      b      
a               1.000 
b              -0.908  1.000 


*******************************************************************************
Thu Jun 26 15:06:58 2014


FIT:    data read from 'isotherm.gnuplot-data' every :::3::3 	using (1/$3):($4/($3*$3)):($3*$5):($3*$5*($4/$3 + $6/$5))
        format = x:y:z:s
        x range restricted to [0.00000 : 1.50000]
        #datapoints = 8
function used for fitting: f(x)
fitted parameters initialized with current variable values



 Iteration 0
 WSSR        : 8676.38           delta(WSSR)/WSSR   : 0
 delta(WSSR) : 0                 limit for stopping : 1e-05
 lambda	  : 0.887359

initial set of free parameter values

a               = 1
b               = 1

After 4 iterations the fit converged.
final sum of squares of residuals : 1.14572
rel. change during last iteration : -1.33177e-09

degrees of freedom    (FIT_NDF)                        : 6
rms of residuals      (FIT_STDFIT) = sqrt(WSSR/ndf)    : 0.436982
variance of residuals (reduced chisquare) = WSSR/ndf   : 0.190954

Final set of parameters            Asymptotic Standard Error
=======================            ==========================

a               = -18.2879         +/- 0.4353       (2.38%)
b               = 51.7372          +/- 0.3974       (0.7681%)


correlation matrix of the fit parameters:

               a      b      
a               1.000 
b              -0.908  1.000 


*******************************************************************************
Thu Jun 26 15:07:36 2014


FIT:    data read from 'isotherm.gnuplot-data' every :::3::3 	using (1/$3):($4/($3*$3)):($3*$5):($3*$5*($4/$3 + $6/$5))
        format = x:y:z:s
        x range restricted to [0.00000 : 1.50000]
        #datapoints = 8
function used for fitting: f(x)
fitted parameters initialized with current variable values



 Iteration 0
 WSSR        : 8676.38           delta(WSSR)/WSSR   : 0
 delta(WSSR) : 0                 limit for stopping : 1e-05
 lambda	  : 0.887359

initial set of free parameter values

a               = 1
b               = 1

After 4 iterations the fit converged.
final sum of squares of residuals : 1.14572
rel. change during last iteration : -1.33177e-09

degrees of freedom    (FIT_NDF)                        : 6
rms of residuals      (FIT_STDFIT) = sqrt(WSSR/ndf)    : 0.436982
variance of residuals (reduced chisquare) = WSSR/ndf   : 0.190954

Final set of parameters            Asymptotic Standard Error
=======================            ==========================

a               = -18.2879         +/- 0.4353       (2.38%)
b               = 51.7372          +/- 0.3974       (0.7681%)


correlation matrix of the fit parameters:

               a      b      
a               1.000 
b              -0.908  1.000 


*******************************************************************************
Thu Jun 26 15:14:43 2014


FIT:    data read from 'isotherm.gnuplot-data' every :::3::3 	using (1/$3):($4/($3*$3)):($3*$5):($3*$5*($4/$3 + $6/$5))
        format = x:y:z:s
        x range restricted to [0.00000 : 1.50000]
        #datapoints = 8
function used for fitting: f(x)
fitted parameters initialized with current variable values



 Iteration 0
 WSSR        : 8676.38           delta(WSSR)/WSSR   : 0
 delta(WSSR) : 0                 limit for stopping : 1e-05
 lambda	  : 0.887359

initial set of free parameter values

a               = 1
b               = 1

After 4 iterations the fit converged.
final sum of squares of residuals : 1.14572
rel. change during last iteration : -1.33177e-09

degrees of freedom    (FIT_NDF)                        : 6
rms of residuals      (FIT_STDFIT) = sqrt(WSSR/ndf)    : 0.436982
variance of residuals (reduced chisquare) = WSSR/ndf   : 0.190954

Final set of parameters            Asymptotic Standard Error
=======================            ==========================

a               = -18.2879         +/- 0.4353       (2.38%)
b               = 51.7372          +/- 0.3974       (0.7681%)


correlation matrix of the fit parameters:

               a      b      
a               1.000 
b              -0.908  1.000 


*******************************************************************************
Thu Jun 26 15:27:51 2014


FIT:    data read from 'isotherm.gnuplot-data' every :::3::3 	using (1/$3):($4/($3*$3)):($3*$5):($3*$5*($4/$3 + $6/$5))
        format = x:y:z:s
        x range restricted to [0.00000 : 1.50000]
        #datapoints = 8
function used for fitting: f(x)
fitted parameters initialized with current variable values



 Iteration 0
 WSSR        : 8676.38           delta(WSSR)/WSSR   : 0
 delta(WSSR) : 0                 limit for stopping : 1e-05
 lambda	  : 0.887359

initial set of free parameter values

a               = 1
b               = 1

After 4 iterations the fit converged.
final sum of squares of residuals : 1.14572
rel. change during last iteration : -1.33177e-09

degrees of freedom    (FIT_NDF)                        : 6
rms of residuals      (FIT_STDFIT) = sqrt(WSSR/ndf)    : 0.436982
variance of residuals (reduced chisquare) = WSSR/ndf   : 0.190954

Final set of parameters            Asymptotic Standard Error
=======================            ==========================

a               = -18.2879         +/- 0.4353       (2.38%)
b               = 51.7372          +/- 0.3974       (0.7681%)


correlation matrix of the fit parameters:

               a      b      
a               1.000 
b              -0.908  1.000 
